<?xml version="1.0" encoding="UTF-8"?>
<!-- Generated by org.testng.reporters.JUnitReportReporter -->
<testsuite hostname="LAPTOP-NCHBTCTP" failures="0" tests="4" name="TestNG.Paral" time="11.001" errors="0" timestamp="2024-01-09T20:24:31 IST" skipped="0">
  <testcase classname="TestNG.Paral" name="url" time="1.265"/>
  <testcase classname="TestNG.Paral" name="bro" time="2.516"/>
  <testcase classname="TestNG.Paral" name="url" time="2.077"/>
  <testcase classname="TestNG.Paral" name="bro" time="5.143"/>
</testsuite> <!-- TestNG.Paral -->
