<?xml version="1.0" encoding="UTF-8"?>
<!-- Generated by org.testng.reporters.JUnitReportReporter -->
<testsuite hostname="LAPTOP-NCHBTCTP" failures="0" tests="3" name="TaskGator.TaskGator_Categories" time="23.965" errors="0" timestamp="2024-01-04T15:36:18 IST" skipped="0">
  <testcase classname="TaskGator.TaskGator_Categories" name="url" time="13.711"/>
  <testcase classname="TaskGator.TaskGator_Categories" name="login" time="8.867"/>
  <testcase classname="TaskGator.TaskGator_Categories" name="Categories" time="1.387"/>
</testsuite> <!-- TaskGator.TaskGator_Categories -->
