<?xml version="1.0" encoding="UTF-8"?>
<!-- Generated by org.testng.reporters.JUnitReportReporter -->
<testsuite hostname="LAPTOP-NCHBTCTP" failures="0" tests="3" name="TestNG.SwagExtentReport" time="15.305" errors="0" timestamp="2024-01-23T15:33:49 IST" skipped="0">
  <testcase classname="TestNG.SwagExtentReport" name="url" time="8.389"/>
  <testcase classname="TestNG.SwagExtentReport" name="login" time="4.258"/>
  <testcase classname="TestNG.SwagExtentReport" name="close" time="2.658"/>
</testsuite> <!-- TestNG.SwagExtentReport -->
