<?xml version="1.0" encoding="UTF-8"?>
<!-- Generated by org.testng.reporters.JUnitReportReporter -->
<testsuite hostname="LAPTOP-NCHBTCTP" failures="0" tests="1" name="TaskGator.TaskGator_Register" time="12.460" errors="0" timestamp="2024-01-05T14:51:04 IST" skipped="0">
  <testcase classname="TaskGator.TaskGator_Register" name="Signup" time="12.460"/>
</testsuite> <!-- TaskGator.TaskGator_Register -->
