<?xml version="1.0" encoding="UTF-8"?>
<!-- Generated by org.testng.reporters.JUnitReportReporter -->
<testsuite hostname="LAPTOP-NCHBTCTP" failures="0" tests="2" name="Clouds.login" time="25.824" errors="0" timestamp="2024-01-28T10:08:59 IST" skipped="0">
  <testcase classname="Clouds.login" name="url" time="18.251"/>
  <testcase classname="Clouds.login" name="login" time="7.573"/>
</testsuite> <!-- Clouds.login -->
