<?xml version="1.0" encoding="UTF-8"?>
<!-- Generated by org.testng.reporters.JUnitReportReporter -->
<testsuite hostname="LAPTOP-NCHBTCTP" failures="0" tests="2" name="TestNG.Ann_METHOD" time="0.026" errors="0" timestamp="2024-01-02T14:40:22 IST" skipped="0">
  <testcase classname="TestNG.Ann_METHOD" name="product" time="0.011"/>
  <testcase classname="TestNG.Ann_METHOD" name="payment" time="0.015"/>
</testsuite> <!-- TestNG.Ann_METHOD -->
