<?xml version="1.0" encoding="UTF-8"?>
<!-- Generated by org.testng.reporters.JUnitReportReporter -->
<testsuite hostname="LAPTOP-NCHBTCTP" failures="0" tests="3" name="TestNG.First_basic" time="21.781" errors="0" timestamp="2024-01-01T11:22:05 IST" skipped="0">
  <testcase classname="TestNG.First_basic" name="url" time="10.960"/>
  <testcase classname="TestNG.First_basic" name="login" time="10.661"/>
  <testcase classname="TestNG.First_basic" name="close" time="0.160"/>
</testsuite> <!-- TestNG.First_basic -->
