<?xml version="1.0" encoding="UTF-8"?>
<!-- Generated by org.testng.reporters.JUnitReportReporter -->
<testsuite hostname="LAPTOP-NCHBTCTP" failures="0" tests="1" name="DataDriven.Read" time="0.687" errors="0" timestamp="2024-01-24T15:01:53 IST" skipped="0">
  <testcase classname="DataDriven.Read" name="excelread" time="0.687"/>
</testsuite> <!-- DataDriven.Read -->
