<?xml version="1.0" encoding="UTF-8"?>
<!-- Generated by org.testng.reporters.JUnitReportReporter -->
<testsuite hostname="LAPTOP-NCHBTCTP" failures="0" tests="1" name="Clouds.Cloud_Login" time="21.759" errors="0" timestamp="2024-01-28T10:21:54 IST" skipped="0">
  <testcase classname="Clouds.Cloud_Login" name="login" time="21.759"/>
</testsuite> <!-- Clouds.Cloud_Login -->
