<?xml version="1.0" encoding="UTF-8"?>
<!-- Generated by org.testng.reporters.JUnitReportReporter -->
<testsuite hostname="LAPTOP-NCHBTCTP" failures="0" tests="1" name="DataDriven.OH" time="9.412" errors="0" timestamp="2024-01-29T11:08:52 IST" skipped="0">
  <testcase classname="DataDriven.OH" name="login" time="9.412"/>
</testsuite> <!-- DataDriven.OH -->
