<?xml version="1.0" encoding="UTF-8"?>
<!-- Generated by org.testng.reporters.JUnitReportReporter -->
<testsuite hostname="LAPTOP-NCHBTCTP" failures="0" tests="2" name="TestNG.Groups" time="8.370" errors="0" timestamp="2024-01-08T21:58:31 IST" skipped="0">
  <testcase classname="TestNG.Groups" name="Driver" time="2.858"/>
  <testcase classname="TestNG.Groups" name="orange" time="5.512"/>
</testsuite> <!-- TestNG.Groups -->
