<?xml version="1.0" encoding="UTF-8"?>
<!-- Generated by org.testng.reporters.JUnitReportReporter -->
<testsuite hostname="LAPTOP-NCHBTCTP" failures="0" tests="1" name="TestNG.Annotation_one" time="0.016" errors="0" timestamp="2024-01-11T16:04:14 IST" skipped="0">
  <testcase classname="TestNG.Annotation_one" name="one" time="0.016"/>
</testsuite> <!-- TestNG.Annotation_one -->
