<?xml version="1.0" encoding="UTF-8"?>
<!-- Generated by org.testng.reporters.JUnitReportReporter -->
<testsuite hostname="LAPTOP-NCHBTCTP" failures="0" tests="3" name="TestNG.Lis_Text" time="0.030" errors="0" timestamp="2024-01-17T15:35:04 IST" skipped="0">
  <testcase classname="TestNG.Lis_Text" name="test1" time="0.025"/>
  <testcase classname="TestNG.Lis_Text" name="test2" time="0.003"/>
  <testcase classname="TestNG.Lis_Text" name="test3" time="0.002"/>
</testsuite> <!-- TestNG.Lis_Text -->
