<?xml version="1.0" encoding="UTF-8"?>
<!-- Generated by org.testng.reporters.JUnitReportReporter -->
<testsuite hostname="LAPTOP-NCHBTCTP" failures="0" tests="1" name="PRACTICE.ExcelW" time="0.744" errors="0" timestamp="2024-01-24T22:01:36 IST" skipped="0">
  <testcase classname="PRACTICE.ExcelW" name="Write" time="0.744"/>
</testsuite> <!-- PRACTICE.ExcelW -->
