<?xml version="1.0" encoding="UTF-8"?>
<!-- Generated by org.testng.reporters.JUnitReportReporter -->
<testsuite hostname="LAPTOP-NCHBTCTP" failures="0" tests="1" name="DataDriven.Write" time="1.093" errors="0" timestamp="2024-01-24T21:57:36 IST" skipped="0">
  <testcase classname="DataDriven.Write" name="ExcelWrite" time="1.093"/>
</testsuite> <!-- DataDriven.Write -->
