<?xml version="1.0" encoding="UTF-8"?>
<!-- Generated by org.testng.reporters.JUnitReportReporter -->
<testsuite hostname="LAPTOP-NCHBTCTP" failures="0" tests="1" name="TestNG.C1" time="0.010" errors="0" timestamp="2024-01-02T15:08:46 IST" skipped="0">
  <testcase classname="TestNG.C1" name="s" time="0.010"/>
</testsuite> <!-- TestNG.C1 -->
