<?xml version="1.0" encoding="UTF-8"?>
<!-- Generated by org.testng.reporters.JUnitReportReporter -->
<testsuite hostname="LAPTOP-NCHBTCTP" failures="0" tests="2" name="TestNG.Para" time="4.976" errors="0" timestamp="2024-01-09T20:08:47 IST" skipped="0">
  <testcase classname="TestNG.Para" name="launch" time="1.500"/>
  <testcase classname="TestNG.Para" name="launch" time="3.476"/>
</testsuite> <!-- TestNG.Para -->
