<?xml version="1.0" encoding="UTF-8"?>
<!-- Generated by org.testng.reporters.JUnitReportReporter -->
<testsuite hostname="LAPTOP-NCHBTCTP" failures="0" tests="2" name="TestNG.Ann_CLASS" time="0.013" errors="0" timestamp="2024-01-02T14:43:33 IST" skipped="0">
  <testcase classname="TestNG.Ann_CLASS" name="product" time="0.011"/>
  <testcase classname="TestNG.Ann_CLASS" name="payment" time="0.002"/>
</testsuite> <!-- TestNG.Ann_CLASS -->
