<?xml version="1.0" encoding="UTF-8"?>
<!-- Generated by org.testng.reporters.JUnitReportReporter -->
<testsuite hostname="LAPTOP-NCHBTCTP" failures="0" tests="1" name="PRACTICE.Swag_Login" time="6.957" errors="0" timestamp="2024-01-28T09:52:42 IST" skipped="0">
  <testcase classname="PRACTICE.Swag_Login" name="register" time="6.957"/>
</testsuite> <!-- PRACTICE.Swag_Login -->
