<?xml version="1.0" encoding="UTF-8"?>
<!-- Generated by org.testng.reporters.JUnitReportReporter -->
<testsuite hostname="LAPTOP-NCHBTCTP" failures="0" tests="1" name="TaskGator.T1" time="0.209" errors="0" timestamp="2024-01-04T17:03:55 IST" skipped="0">
  <testcase classname="TaskGator.T1" name="login" time="0.209"/>
</testsuite> <!-- TaskGator.T1 -->
