<?xml version="1.0" encoding="UTF-8"?>
<!-- Generated by org.testng.reporters.JUnitReportReporter -->
<testsuite hostname="LAPTOP-NCHBTCTP" failures="0" tests="1" name="Clouds.Sr" time="3.805" errors="0" timestamp="2024-02-01T12:54:47 IST" skipped="0">
  <testcase classname="Clouds.Sr" name="signup" time="3.805"/>
</testsuite> <!-- Clouds.Sr -->
