<?xml version="1.0" encoding="UTF-8"?>
<!-- Generated by org.testng.reporters.JUnitReportReporter -->
<testsuite hostname="LAPTOP-NCHBTCTP" failures="0" tests="1" name="PRACTICE.excelR" time="0.699" errors="0" timestamp="2024-01-24T15:20:28 IST" skipped="0">
  <testcase classname="PRACTICE.excelR" name="Excelr" time="0.699"/>
</testsuite> <!-- PRACTICE.excelR -->
