<?xml version="1.0" encoding="UTF-8"?>
<!-- Generated by org.testng.reporters.JUnitReportReporter -->
<testsuite hostname="LAPTOP-NCHBTCTP" failures="0" tests="1" name="TestNG.C2" time="0.002" errors="0" timestamp="2024-01-02T15:08:46 IST" skipped="0">
  <testcase classname="TestNG.C2" name="ss" time="0.002"/>
</testsuite> <!-- TestNG.C2 -->
