<?xml version="1.0" encoding="UTF-8"?>
<!-- Generated by org.testng.reporters.JUnitReportReporter -->
<testsuite hostname="LAPTOP-NCHBTCTP" failures="0" tests="1" name="DataDriven.Orange" time="7.739" errors="0" timestamp="2024-01-25T07:28:35 IST" skipped="0">
  <testcase classname="DataDriven.Orange" name="Login" time="7.739"/>
</testsuite> <!-- DataDriven.Orange -->
