<?xml version="1.0" encoding="UTF-8"?>
<!-- Generated by org.testng.reporters.JUnitReportReporter -->
<testsuite hostname="LAPTOP-NCHBTCTP" failures="0" tests="5" name="TestNG.SwagLabs" time="14.439" errors="0" timestamp="2024-01-25T06:53:48 IST" skipped="0">
  <testcase classname="TestNG.SwagLabs" name="login" time="2.403"/>
  <testcase classname="TestNG.SwagLabs" name="sorting" time="2.188"/>
  <testcase classname="TestNG.SwagLabs" name="product_adding" time="5.286"/>
  <testcase classname="TestNG.SwagLabs" name="checkout" time="1.089"/>
  <testcase classname="TestNG.SwagLabs" name="Fill_details" time="3.473"/>
</testsuite> <!-- TestNG.SwagLabs -->
